# JRE version: Java(TM) SE Runtime Environment (25.0.2+10) (build 25.0.2+10-LTS-69)
# Java VM: Java HotSpot(TM) 64-Bit Server VM (25.0.2+10-LTS-69, mixed mode, emulated-client, sharing, tiered, compressed oops, compressed class ptrs, g1 gc, windows-amd64)
GC Precious Log:
 CardTable entry size: 512
 Card Set container configuration: InlinePtr #cards 5 size 8 Array Of Cards #cards 10 size 36 Howl #buckets 4 coarsen threshold 1843 Howl Bitmap #cards 512 size 80 coarsen threshold 460 Card regions per heap region 1 cards per card region 2048
 CPUs: 16 total, 16 available
 Memory: 7876M
 Large Page Support: Disabled
 NUMA Support: Disabled
 Compressed Oops: Enabled (32-bit)
 Heap Region Size: 1M
 Heap Min Capacity: 8M
 Heap Initial Capacity: 124M
 Heap Max Capacity: 1970M
 Pre-touch: Disabled
 Parallel Workers: 13
 Concurrent Workers: 3
 Concurrent Refinement Workers: 13
 Periodic GC: Disabled
Heap:
 garbage-first heap   total reserved 2017280K, committed 358400K, used 209917K [0x0000000084e00000, 0x0000000100000000)
  region size 1024K, 12 young (12288K), 12 survivors (12288K)
GC Heap Usage History (20 events):
Event: 1575.691 {heap After GC invocations=537 (full 1):
 garbage-first heap   total reserved 2017280K, committed 270336K, used 96933K [0x0000000084e00000, 0x0000000100000000)
  region size 1024K, 20 young (20480K), 20 survivors (20480K)
}
Event: 1582.872 {heap Before GC invocations=538 (full 1):
 garbage-first heap   total reserved 2017280K, committed 270336K, used 207525K [0x0000000084e00000, 0x0000000100000000)
  region size 1024K, 129 young (132096K), 20 survivors (20480K)
}
Event: 1582.907 {heap After GC invocations=539 (full 1):
 garbage-first heap   total reserved 2017280K, committed 270336K, used 105748K [0x0000000084e00000, 0x0000000100000000)
  region size 1024K, 9 young (9216K), 9 survivors (9216K)
}
Event: 1590.732 {heap Before GC invocations=540 (full 1):
 garbage-first heap   total reserved 2017280K, committed 270336K, used 234772K [0x0000000084e00000, 0x0000000100000000)
  region size 1024K, 135 young (138240K), 9 survivors (9216K)
}
Event: 1590.755 {heap After GC invocations=541 (full 1):
 garbage-first heap   total reserved 2017280K, committed 270336K, used 111908K [0x0000000084e00000, 0x0000000100000000)
  region size 1024K, 15 young (15360K), 15 survivors (15360K)
}
Event: 1594.824 {heap Before GC invocations=541 (full 1):
 garbage-first heap   total reserved 2017280K, committed 270336K, used 236836K [0x0000000084e00000, 0x0000000100000000)
  region size 1024K, 137 young (140288K), 15 survivors (15360K)
}
Event: 1594.847 {heap After GC invocations=542 (full 1):
 garbage-first heap   total reserved 2017280K, committed 270336K, used 118709K [0x0000000084e00000, 0x0000000100000000)
  region size 1024K, 14 young (14336K), 14 survivors (14336K)
}
Event: 1596.520 {heap Before GC invocations=542 (full 1):
 garbage-first heap   total reserved 2017280K, committed 270336K, used 240565K [0x0000000084e00000, 0x0000000100000000)
  region size 1024K, 134 young (137216K), 14 survivors (14336K)
}
Event: 1596.539 {heap After GC invocations=543 (full 1):
 garbage-first heap   total reserved 2017280K, committed 315392K, used 173305K [0x0000000084e00000, 0x0000000100000000)
  region size 1024K, 17 young (17408K), 17 survivors (17408K)
}
Event: 1598.029 {heap Before GC invocations=544 (full 1):
 garbage-first heap   total reserved 2017280K, committed 315392K, used 256249K [0x0000000084e00000, 0x0000000100000000)
  region size 1024K, 99 young (101376K), 17 survivors (17408K)
}
Event: 1598.048 {heap After GC invocations=545 (full 1):
 garbage-first heap   total reserved 2017280K, committed 315392K, used 189177K [0x0000000084e00000, 0x0000000100000000)
  region size 1024K, 13 young (13312K), 13 survivors (13312K)
}
Event: 1598.948 {heap Before GC invocations=545 (full 1):
 garbage-first heap   total reserved 2017280K, committed 315392K, used 263929K [0x0000000084e00000, 0x0000000100000000)
  region size 1024K, 87 young (89088K), 13 survivors (13312K)
}
Event: 1598.954 {heap After GC invocations=546 (full 1):
 garbage-first heap   total reserved 2017280K, committed 315392K, used 196739K [0x0000000084e00000, 0x0000000100000000)
  region size 1024K, 11 young (11264K), 11 survivors (11264K)
}
Event: 1601.599 {heap Before GC invocations=546 (full 1):
 garbage-first heap   total reserved 2017280K, committed 315392K, used 270467K [0x0000000084e00000, 0x0000000100000000)
  region size 1024K, 84 young (86016K), 11 survivors (11264K)
}
Event: 1601.648 {heap After GC invocations=547 (full 1):
 garbage-first heap   total reserved 2017280K, committed 315392K, used 210301K [0x0000000084e00000, 0x0000000100000000)
  region size 1024K, 11 young (11264K), 11 survivors (11264K)
}
Event: 1607.096 {heap Before GC invocations=548 (full 1):
 garbage-first heap   total reserved 2017280K, committed 358400K, used 273789K [0x0000000084e00000, 0x0000000100000000)
  region size 1024K, 74 young (75776K), 11 survivors (11264K)
}
Event: 1607.117 {heap After GC invocations=549 (full 1):
 garbage-first heap   total reserved 2017280K, committed 358400K, used 215966K [0x0000000084e00000, 0x0000000100000000)
  region size 1024K, 10 young (10240K), 10 survivors (10240K)
}
Event: 1607.874 {heap Before GC invocations=549 (full 1):
 garbage-first heap   total reserved 2017280K, committed 358400K, used 306078K [0x0000000084e00000, 0x0000000100000000)
  region size 1024K, 99 young (101376K), 10 survivors (10240K)
}
Event: 1607.904 {heap After GC invocations=550 (full 1):
 garbage-first heap   total reserved 2017280K, committed 358400K, used 216445K [0x0000000084e00000, 0x0000000100000000)
  region size 1024K, 13 young (13312K), 13 survivors (13312K)
}
Event: 1608.550 {heap Before GC invocations=550 (full 1):
 garbage-first heap   total reserved 2017280K, committed 358400K, used 308605K [0x0000000084e00000, 0x0000000100000000)
  region size 1024K, 104 young (106496K), 13 survivors (13312K)
}

