# JRE version: Java(TM) SE Runtime Environment (25.0.2+10) (build 25.0.2+10-LTS-69)
# Java VM: Java HotSpot(TM) 64-Bit Server VM (25.0.2+10-LTS-69, mixed mode, sharing, tiered, compressed oops, compressed class ptrs, g1 gc, windows-amd64)
GC Precious Log:
 CardTable entry size: 512
 Card Set container configuration: InlinePtr #cards 5 size 8 Array Of Cards #cards 10 size 36 Howl #buckets 4 coarsen threshold 1843 Howl Bitmap #cards 512 size 80 coarsen threshold 460 Card regions per heap region 1 cards per card region 2048
 CPUs: 16 total, 16 available
 Memory: 7876M
 Large Page Support: Disabled
 NUMA Support: Disabled
 Compressed Oops: Enabled (32-bit)
 Heap Region Size: 1M
 Heap Min Capacity: 8M
 Heap Initial Capacity: 124M
 Heap Max Capacity: 1970M
 Pre-touch: Disabled
 Parallel Workers: 13
 Concurrent Workers: 3
 Concurrent Refinement Workers: 13
 Periodic GC: Disabled
Heap:
 garbage-first heap   total reserved 2017280K, committed 285696K, used 155626K [0x0000000084e00000, 0x0000000100000000)
  region size 1024K, 71 young (72704K), 5 survivors (5120K)
GC Heap Usage History (20 events):
Event: 24.793 {heap Before GC invocations=18 (full 0):
 garbage-first heap   total reserved 2017280K, committed 159744K, used 142716K [0x0000000084e00000, 0x0000000100000000)
  region size 1024K, 66 young (67584K), 6 survivors (6144K)
}
Event: 24.828 {heap After GC invocations=19 (full 0):
 garbage-first heap   total reserved 2017280K, committed 159744K, used 82422K [0x0000000084e00000, 0x0000000100000000)
  region size 1024K, 6 young (6144K), 6 survivors (6144K)
}
Event: 25.056 {heap Before GC invocations=19 (full 0):
 garbage-first heap   total reserved 2017280K, committed 159744K, used 144886K [0x0000000084e00000, 0x0000000100000000)
  region size 1024K, 67 young (68608K), 6 survivors (6144K)
}
Event: 25.064 {heap After GC invocations=20 (full 0):
 garbage-first heap   total reserved 2017280K, committed 159744K, used 83769K [0x0000000084e00000, 0x0000000100000000)
  region size 1024K, 6 young (6144K), 6 survivors (6144K)
}
Event: 26.024 {heap Before GC invocations=21 (full 0):
 garbage-first heap   total reserved 2017280K, committed 159744K, used 147257K [0x0000000084e00000, 0x0000000100000000)
  region size 1024K, 68 young (69632K), 6 survivors (6144K)
}
Event: 26.033 {heap After GC invocations=22 (full 0):
 garbage-first heap   total reserved 2017280K, committed 159744K, used 87560K [0x0000000084e00000, 0x0000000100000000)
  region size 1024K, 8 young (8192K), 8 survivors (8192K)
}
Event: 26.247 {heap Before GC invocations=22 (full 0):
 garbage-first heap   total reserved 2017280K, committed 159744K, used 146952K [0x0000000084e00000, 0x0000000100000000)
  region size 1024K, 66 young (67584K), 8 survivors (8192K)
}
Event: 26.256 {heap After GC invocations=23 (full 0):
 garbage-first heap   total reserved 2017280K, committed 159744K, used 89612K [0x0000000084e00000, 0x0000000100000000)
  region size 1024K, 7 young (7168K), 7 survivors (7168K)
}
Event: 26.326 {heap Before GC invocations=23 (full 0):
 garbage-first heap   total reserved 2017280K, committed 159744K, used 147980K [0x0000000084e00000, 0x0000000100000000)
  region size 1024K, 64 young (65536K), 7 survivors (7168K)
}
Event: 26.333 {heap After GC invocations=24 (full 0):
 garbage-first heap   total reserved 2017280K, committed 159744K, used 91262K [0x0000000084e00000, 0x0000000100000000)
  region size 1024K, 5 young (5120K), 5 survivors (5120K)
}
Event: 26.430 {heap Before GC invocations=25 (full 0):
 garbage-first heap   total reserved 2017280K, committed 159744K, used 148606K [0x0000000084e00000, 0x0000000100000000)
  region size 1024K, 61 young (62464K), 5 survivors (5120K)
}
Event: 26.435 {heap After GC invocations=26 (full 0):
 garbage-first heap   total reserved 2017280K, committed 159744K, used 91135K [0x0000000084e00000, 0x0000000100000000)
  region size 1024K, 5 young (5120K), 5 survivors (5120K)
}
Event: 26.512 {heap Before GC invocations=26 (full 0):
 garbage-first heap   total reserved 2017280K, committed 159744K, used 149503K [0x0000000084e00000, 0x0000000100000000)
  region size 1024K, 62 young (63488K), 5 survivors (5120K)
}
Event: 26.517 {heap After GC invocations=27 (full 0):
 garbage-first heap   total reserved 2017280K, committed 159744K, used 89651K [0x0000000084e00000, 0x0000000100000000)
  region size 1024K, 5 young (5120K), 5 survivors (5120K)
}
Event: 26.597 {heap Before GC invocations=27 (full 0):
 garbage-first heap   total reserved 2017280K, committed 159744K, used 149043K [0x0000000084e00000, 0x0000000100000000)
  region size 1024K, 63 young (64512K), 5 survivors (5120K)
}
Event: 26.601 {heap After GC invocations=28 (full 0):
 garbage-first heap   total reserved 2017280K, committed 285696K, used 88365K [0x0000000084e00000, 0x0000000100000000)
  region size 1024K, 3 young (3072K), 3 survivors (3072K)
}
Event: 27.032 {heap Before GC invocations=29 (full 0):
 garbage-first heap   total reserved 2017280K, committed 285696K, used 256301K [0x0000000084e00000, 0x0000000100000000)
  region size 1024K, 167 young (171008K), 3 survivors (3072K)
}
Event: 27.036 {heap After GC invocations=30 (full 0):
 garbage-first heap   total reserved 2017280K, committed 285696K, used 88142K [0x0000000084e00000, 0x0000000100000000)
  region size 1024K, 3 young (3072K), 3 survivors (3072K)
}
Event: 27.958 {heap Before GC invocations=30 (full 0):
 garbage-first heap   total reserved 2017280K, committed 285696K, used 256078K [0x0000000084e00000, 0x0000000100000000)
  region size 1024K, 167 young (171008K), 3 survivors (3072K)
}
Event: 27.965 {heap After GC invocations=31 (full 0):
 garbage-first heap   total reserved 2017280K, committed 285696K, used 89066K [0x0000000084e00000, 0x0000000100000000)
  region size 1024K, 5 young (5120K), 5 survivors (5120K)
}

