# JRE version: Java(TM) SE Runtime Environment (25.0.2+10) (build 25.0.2+10-LTS-69)
# Java VM: Java HotSpot(TM) 64-Bit Server VM (25.0.2+10-LTS-69, mixed mode, emulated-client, sharing, tiered, compressed oops, compressed class ptrs, g1 gc, windows-amd64)
GC Precious Log:
 CardTable entry size: 512
 Card Set container configuration: InlinePtr #cards 5 size 8 Array Of Cards #cards 10 size 36 Howl #buckets 4 coarsen threshold 1843 Howl Bitmap #cards 512 size 80 coarsen threshold 460 Card regions per heap region 1 cards per card region 2048
 CPUs: 16 total, 16 available
 Memory: 7876M
 Large Page Support: Disabled
 NUMA Support: Disabled
 Compressed Oops: Enabled (32-bit)
 Heap Region Size: 1M
 Heap Min Capacity: 8M
 Heap Initial Capacity: 124M
 Heap Max Capacity: 1970M
 Pre-touch: Disabled
 Parallel Workers: 13
 Concurrent Workers: 3
 Concurrent Refinement Workers: 13
 Periodic GC: Disabled
Heap:
 garbage-first heap   total reserved 2017280K, committed 245760K, used 89380K [0x0000000084e00000, 0x0000000100000000)
  region size 1024K, 18 young (18432K), 18 survivors (18432K)
GC Heap Usage History (20 events):
Event: 394.204 {heap After GC invocations=82 (full 1):
 garbage-first heap   total reserved 2017280K, committed 249856K, used 82843K [0x0000000084e00000, 0x0000000100000000)
  region size 1024K, 12 young (12288K), 12 survivors (12288K)
}
Event: 394.217 {heap Before GC invocations=82 (full 1):
 garbage-first heap   total reserved 2017280K, committed 249856K, used 82843K [0x0000000084e00000, 0x0000000100000000)
  region size 1024K, 13 young (13312K), 12 survivors (12288K)
}
Event: 394.229 {heap After GC invocations=83 (full 1):
 garbage-first heap   total reserved 2017280K, committed 249856K, used 84521K [0x0000000084e00000, 0x0000000100000000)
  region size 1024K, 2 young (2048K), 2 survivors (2048K)
}
Event: 395.658 {heap Before GC invocations=84 (full 1):
 garbage-first heap   total reserved 2017280K, committed 249856K, used 179753K [0x0000000084e00000, 0x0000000100000000)
  region size 1024K, 96 young (98304K), 2 survivors (2048K)
}
Event: 395.677 {heap After GC invocations=85 (full 1):
 garbage-first heap   total reserved 2017280K, committed 249856K, used 91736K [0x0000000084e00000, 0x0000000100000000)
  region size 1024K, 9 young (9216K), 9 survivors (9216K)
}
Event: 396.261 {heap Before GC invocations=85 (full 1):
 garbage-first heap   total reserved 2017280K, committed 249856K, used 128600K [0x0000000084e00000, 0x0000000100000000)
  region size 1024K, 46 young (47104K), 9 survivors (9216K)
}
Event: 396.265 {heap After GC invocations=86 (full 1):
 garbage-first heap   total reserved 2017280K, committed 249856K, used 94919K [0x0000000084e00000, 0x0000000100000000)
  region size 1024K, 12 young (12288K), 12 survivors (12288K)
}
Event: 397.627 {heap Before GC invocations=87 (full 1):
 garbage-first heap   total reserved 2017280K, committed 249856K, used 159431K [0x0000000084e00000, 0x0000000100000000)
  region size 1024K, 75 young (76800K), 12 survivors (12288K)
}
Event: 397.642 {heap After GC invocations=88 (full 1):
 garbage-first heap   total reserved 2017280K, committed 249856K, used 98498K [0x0000000084e00000, 0x0000000100000000)
  region size 1024K, 8 young (8192K), 8 survivors (8192K)
}
Event: 398.361 {heap Before GC invocations=88 (full 1):
 garbage-first heap   total reserved 2017280K, committed 249856K, used 222402K [0x0000000084e00000, 0x0000000100000000)
  region size 1024K, 129 young (132096K), 8 survivors (8192K)
}
Event: 398.379 {heap After GC invocations=89 (full 1):
 garbage-first heap   total reserved 2017280K, committed 249856K, used 105730K [0x0000000084e00000, 0x0000000100000000)
  region size 1024K, 14 young (14336K), 14 survivors (14336K)
}
Event: 398.782 {heap Before GC invocations=89 (full 1):
 garbage-first heap   total reserved 2017280K, committed 249856K, used 200962K [0x0000000084e00000, 0x0000000100000000)
  region size 1024K, 107 young (109568K), 14 survivors (14336K)
}
Event: 398.798 {heap After GC invocations=90 (full 1):
 garbage-first heap   total reserved 2017280K, committed 249856K, used 111061K [0x0000000084e00000, 0x0000000100000000)
  region size 1024K, 13 young (13312K), 13 survivors (13312K)
}
Event: 460.163 {heap Before GC invocations=91 (full 1):
 garbage-first heap   total reserved 2017280K, committed 249856K, used 224725K [0x0000000084e00000, 0x0000000100000000)
  region size 1024K, 125 young (128000K), 13 survivors (13312K)
}
Event: 460.314 {heap After GC invocations=92 (full 1):
 garbage-first heap   total reserved 2017280K, committed 249856K, used 111231K [0x0000000084e00000, 0x0000000100000000)
  region size 1024K, 7 young (7168K), 7 survivors (7168K)
}
Event: 540.049 {heap Before GC invocations=92 (full 1):
 garbage-first heap   total reserved 2017280K, committed 249856K, used 227967K [0x0000000084e00000, 0x0000000100000000)
  region size 1024K, 122 young (124928K), 7 survivors (7168K)
}
Event: 540.153 {heap After GC invocations=93 (full 1):
 garbage-first heap   total reserved 2017280K, committed 249856K, used 110726K [0x0000000084e00000, 0x0000000100000000)
  region size 1024K, 6 young (6144K), 6 survivors (6144K)
}
Event: 630.731 {heap Before GC invocations=93 (full 1):
 garbage-first heap   total reserved 2017280K, committed 249856K, used 226438K [0x0000000084e00000, 0x0000000100000000)
  region size 1024K, 121 young (123904K), 6 survivors (6144K)
}
Event: 635.055 {heap After GC invocations=94 (full 2):
 garbage-first heap   total reserved 2017280K, committed 245760K, used 69830K [0x0000000084e00000, 0x0000000100000000)
  region size 1024K, 0 young (0K), 0 survivors (0K)
}
Event: 638.447 {heap Before GC invocations=94 (full 2):
 garbage-first heap   total reserved 2017280K, committed 245760K, used 216262K [0x0000000084e00000, 0x0000000100000000)
  region size 1024K, 144 young (147456K), 0 survivors (0K)
}

