# JRE version: OpenJDK Runtime Environment Temurin-21.0.10+7 (21.0.10+7) (build 21.0.10+7-LTS)
# Java VM: OpenJDK 64-Bit Server VM Temurin-21.0.10+7 (21.0.10+7-LTS, mixed mode, sharing, tiered, compressed oops, compressed class ptrs, parallel gc, windows-amd64)
GC Precious Log:
 CardTable entry size: 512
 CPUs: 16 total, 16 available
 Memory: 7876M
 Large Page Support: Disabled
 NUMA Support: Disabled
 Compressed Oops: Enabled (32-bit)
 Alignments: Space 512K, Generation 512K, Heap 2M
 Heap Min Capacity: 100M
 Heap Initial Capacity: 100M
 Heap Max Capacity: 2G
 Pre-touch: Disabled
 Parallel Workers: 13
Heap:
 PSYoungGen      total 7680K, used 6210K [0x00000000d5580000, 0x00000000d5f80000, 0x0000000100000000)
  eden space 6144K, 82% used [0x00000000d5580000,0x00000000d5a784a8,0x00000000d5b80000)
  from space 1536K, 72% used [0x00000000d5e00000,0x00000000d5f184e8,0x00000000d5f80000)
  to   space 1536K, 0% used [0x00000000d5c80000,0x00000000d5c80000,0x00000000d5e00000)
 ParOldGen       total 681472K, used 681339K [0x0000000080000000, 0x00000000a9980000, 0x00000000d5580000)
  object space 681472K, 99% used [0x0000000080000000,0x00000000a995ef10,0x00000000a9980000)
 Metaspace       used 92692K, committed 94592K, reserved 1179648K
  class space    used 9230K, committed 10048K, reserved 1048576K
GC Heap History (20 events):
Event: 4061.750 GC heap before
{Heap before GC invocations=1942 (full 5):
 PSYoungGen      total 7168K, used 6800K [0x00000000d5580000, 0x00000000d5d80000, 0x0000000100000000)
  eden space 6144K, 100% used [0x00000000d5580000,0x00000000d5b80000,0x00000000d5b80000)
  from space 1024K, 64% used [0x00000000d5c80000,0x00000000d5d24010,0x00000000d5d80000)
  to   space 1024K, 0% used [0x00000000d5b80000,0x00000000d5b80000,0x00000000d5c80000)
 ParOldGen       total 673792K, used 673355K [0x0000000080000000, 0x00000000a9200000, 0x00000000d5580000)
  object space 673792K, 99% used [0x0000000080000000,0x00000000a9192e48,0x00000000a9200000)
 Metaspace       used 92668K, committed 94592K, reserved 1179648K
  class space    used 9229K, committed 10048K, reserved 1048576K
}
Event: 4061.897 GC heap after
{Heap after GC invocations=1942 (full 5):
 PSYoungGen      total 7168K, used 1020K [0x00000000d5580000, 0x00000000d5e80000, 0x0000000100000000)
  eden space 6144K, 0% used [0x00000000d5580000,0x00000000d5580000,0x00000000d5b80000)
  from space 1024K, 99% used [0x00000000d5b80000,0x00000000d5c7f0b8,0x00000000d5c80000)
  to   space 1536K, 0% used [0x00000000d5d00000,0x00000000d5d00000,0x00000000d5e80000)
 ParOldGen       total 674304K, used 673871K [0x0000000080000000, 0x00000000a9280000, 0x00000000d5580000)
  object space 674304K, 99% used [0x0000000080000000,0x00000000a9213f00,0x00000000a9280000)
 Metaspace       used 92668K, committed 94592K, reserved 1179648K
  class space    used 9229K, committed 10048K, reserved 1048576K
}
Event: 4062.980 GC heap before
{Heap before GC invocations=1943 (full 5):
 PSYoungGen      total 7168K, used 7164K [0x00000000d5580000, 0x00000000d5e80000, 0x0000000100000000)
  eden space 6144K, 100% used [0x00000000d5580000,0x00000000d5b80000,0x00000000d5b80000)
  from space 1024K, 99% used [0x00000000d5b80000,0x00000000d5c7f0b8,0x00000000d5c80000)
  to   space 1536K, 0% used [0x00000000d5d00000,0x00000000d5d00000,0x00000000d5e80000)
 ParOldGen       total 674304K, used 673871K [0x0000000080000000, 0x00000000a9280000, 0x00000000d5580000)
  object space 674304K, 99% used [0x0000000080000000,0x00000000a9213f00,0x00000000a9280000)
 Metaspace       used 92672K, committed 94592K, reserved 1179648K
  class space    used 9229K, committed 10048K, reserved 1048576K
}
Event: 4062.985 GC heap after
{Heap after GC invocations=1943 (full 5):
 PSYoungGen      total 7680K, used 1361K [0x00000000d5580000, 0x00000000d5e80000, 0x0000000100000000)
  eden space 6144K, 0% used [0x00000000d5580000,0x00000000d5580000,0x00000000d5b80000)
  from space 1536K, 88% used [0x00000000d5d00000,0x00000000d5e54560,0x00000000d5e80000)
  to   space 1536K, 0% used [0x00000000d5b80000,0x00000000d5b80000,0x00000000d5d00000)
 ParOldGen       total 674816K, used 674410K [0x0000000080000000, 0x00000000a9300000, 0x00000000d5580000)
  object space 674816K, 99% used [0x0000000080000000,0x00000000a929a930,0x00000000a9300000)
 Metaspace       used 92672K, committed 94592K, reserved 1179648K
  class space    used 9229K, committed 10048K, reserved 1048576K
}
Event: 4063.147 GC heap before
{Heap before GC invocations=1944 (full 5):
 PSYoungGen      total 7680K, used 7505K [0x00000000d5580000, 0x00000000d5e80000, 0x0000000100000000)
  eden space 6144K, 100% used [0x00000000d5580000,0x00000000d5b80000,0x00000000d5b80000)
  from space 1536K, 88% used [0x00000000d5d00000,0x00000000d5e54560,0x00000000d5e80000)
  to   space 1536K, 0% used [0x00000000d5b80000,0x00000000d5b80000,0x00000000d5d00000)
 ParOldGen       total 674816K, used 674410K [0x0000000080000000, 0x00000000a9300000, 0x00000000d5580000)
  object space 674816K, 99% used [0x0000000080000000,0x00000000a929a930,0x00000000a9300000)
 Metaspace       used 92675K, committed 94592K, reserved 1179648K
  class space    used 9230K, committed 10048K, reserved 1048576K
}
Event: 4063.156 GC heap after
{Heap after GC invocations=1944 (full 5):
 PSYoungGen      total 7680K, used 832K [0x00000000d5580000, 0x00000000d5e80000, 0x0000000100000000)
  eden space 6144K, 0% used [0x00000000d5580000,0x00000000d5580000,0x00000000d5b80000)
  from space 1536K, 54% used [0x00000000d5b80000,0x00000000d5c50020,0x00000000d5d00000)
  to   space 1536K, 0% used [0x00000000d5d00000,0x00000000d5d00000,0x00000000d5e80000)
 ParOldGen       total 675840K, used 675567K [0x0000000080000000, 0x00000000a9400000, 0x00000000d5580000)
  object space 675840K, 99% used [0x0000000080000000,0x00000000a93bbf48,0x00000000a9400000)
 Metaspace       used 92675K, committed 94592K, reserved 1179648K
  class space    used 9230K, committed 10048K, reserved 1048576K
}
Event: 4063.207 GC heap before
{Heap before GC invocations=1945 (full 5):
 PSYoungGen      total 7680K, used 6976K [0x00000000d5580000, 0x00000000d5e80000, 0x0000000100000000)
  eden space 6144K, 100% used [0x00000000d5580000,0x00000000d5b80000,0x00000000d5b80000)
  from space 1536K, 54% used [0x00000000d5b80000,0x00000000d5c50020,0x00000000d5d00000)
  to   space 1536K, 0% used [0x00000000d5d00000,0x00000000d5d00000,0x00000000d5e80000)
 ParOldGen       total 675840K, used 675567K [0x0000000080000000, 0x00000000a9400000, 0x00000000d5580000)
  object space 675840K, 99% used [0x0000000080000000,0x00000000a93bbf48,0x00000000a9400000)
 Metaspace       used 92675K, committed 94592K, reserved 1179648K
  class space    used 9230K, committed 10048K, reserved 1048576K
}
Event: 4063.210 GC heap after
{Heap after GC invocations=1945 (full 5):
 PSYoungGen      total 7168K, used 608K [0x00000000d5580000, 0x00000000d5e00000, 0x0000000100000000)
  eden space 6144K, 0% used [0x00000000d5580000,0x00000000d5580000,0x00000000d5b80000)
  from space 1024K, 59% used [0x00000000d5d00000,0x00000000d5d98000,0x00000000d5e00000)
  to   space 1024K, 0% used [0x00000000d5c00000,0x00000000d5c00000,0x00000000d5d00000)
 ParOldGen       total 676352K, used 676199K [0x0000000080000000, 0x00000000a9480000, 0x00000000d5580000)
  object space 676352K, 99% used [0x0000000080000000,0x00000000a9459fa8,0x00000000a9480000)
 Metaspace       used 92675K, committed 94592K, reserved 1179648K
  class space    used 9230K, committed 10048K, reserved 1048576K
}
Event: 4063.450 GC heap before
{Heap before GC invocations=1946 (full 5):
 PSYoungGen      total 7168K, used 6752K [0x00000000d5580000, 0x00000000d5e00000, 0x0000000100000000)
  eden space 6144K, 100% used [0x00000000d5580000,0x00000000d5b80000,0x00000000d5b80000)
  from space 1024K, 59% used [0x00000000d5d00000,0x00000000d5d98000,0x00000000d5e00000)
  to   space 1024K, 0% used [0x00000000d5c00000,0x00000000d5c00000,0x00000000d5d00000)
 ParOldGen       total 676352K, used 676199K [0x0000000080000000, 0x00000000a9480000, 0x00000000d5580000)
  object space 676352K, 99% used [0x0000000080000000,0x00000000a9459fa8,0x00000000a9480000)
 Metaspace       used 92678K, committed 94592K, reserved 1179648K
  class space    used 9230K, committed 10048K, reserved 1048576K
}
Event: 4063.455 GC heap after
{Heap after GC invocations=1946 (full 5):
 PSYoungGen      total 7168K, used 1024K [0x00000000d5580000, 0x00000000d5f80000, 0x0000000100000000)
  eden space 6144K, 0% used [0x00000000d5580000,0x00000000d5580000,0x00000000d5b80000)
  from space 1024K, 100% used [0x00000000d5c00000,0x00000000d5d00000,0x00000000d5d00000)
  to   space 2048K, 0% used [0x00000000d5d80000,0x00000000d5d80000,0x00000000d5f80000)
 ParOldGen       total 677376K, used 676955K [0x0000000080000000, 0x00000000a9580000, 0x00000000d5580000)
  object space 677376K, 99% used [0x0000000080000000,0x00000000a9516ff8,0x00000000a9580000)
 Metaspace       used 92678K, committed 94592K, reserved 1179648K
  class space    used 9230K, committed 10048K, reserved 1048576K
}
Event: 4063.524 GC heap before
{Heap before GC invocations=1947 (full 5):
 PSYoungGen      total 7168K, used 7168K [0x00000000d5580000, 0x00000000d5f80000, 0x0000000100000000)
  eden space 6144K, 100% used [0x00000000d5580000,0x00000000d5b80000,0x00000000d5b80000)
  from space 1024K, 100% used [0x00000000d5c00000,0x00000000d5d00000,0x00000000d5d00000)
  to   space 2048K, 0% used [0x00000000d5d80000,0x00000000d5d80000,0x00000000d5f80000)
 ParOldGen       total 677376K, used 676955K [0x0000000080000000, 0x00000000a9580000, 0x00000000d5580000)
  object space 677376K, 99% used [0x0000000080000000,0x00000000a9516ff8,0x00000000a9580000)
 Metaspace       used 92684K, committed 94592K, reserved 1179648K
  class space    used 9230K, committed 10048K, reserved 1048576K
}
Event: 4063.526 GC heap after
{Heap after GC invocations=1947 (full 5):
 PSYoungGen      total 8192K, used 1429K [0x00000000d5580000, 0x00000000d5f80000, 0x0000000100000000)
  eden space 6144K, 0% used [0x00000000d5580000,0x00000000d5580000,0x00000000d5b80000)
  from space 2048K, 69% used [0x00000000d5d80000,0x00000000d5ee54a8,0x00000000d5f80000)
  to   space 2048K, 0% used [0x00000000d5b80000,0x00000000d5b80000,0x00000000d5d80000)
 ParOldGen       total 677888K, used 677772K [0x0000000080000000, 0x00000000a9600000, 0x00000000d5580000)
  object space 677888K, 99% used [0x0000000080000000,0x00000000a95e3008,0x00000000a9600000)
 Metaspace       used 92684K, committed 94592K, reserved 1179648K
  class space    used 9230K, committed 10048K, reserved 1048576K
}
Event: 4063.535 GC heap before
{Heap before GC invocations=1948 (full 5):
 PSYoungGen      total 8192K, used 7573K [0x00000000d5580000, 0x00000000d5f80000, 0x0000000100000000)
  eden space 6144K, 100% used [0x00000000d5580000,0x00000000d5b80000,0x00000000d5b80000)
  from space 2048K, 69% used [0x00000000d5d80000,0x00000000d5ee54a8,0x00000000d5f80000)
  to   space 2048K, 0% used [0x00000000d5b80000,0x00000000d5b80000,0x00000000d5d80000)
 ParOldGen       total 677888K, used 677772K [0x0000000080000000, 0x00000000a9600000, 0x00000000d5580000)
  object space 677888K, 99% used [0x0000000080000000,0x00000000a95e3008,0x00000000a9600000)
 Metaspace       used 92684K, committed 94592K, reserved 1179648K
  class space    used 9230K, committed 10048K, reserved 1048576K
}
Event: 4063.536 GC heap after
{Heap after GC invocations=1948 (full 5):
 PSYoungGen      total 7168K, used 544K [0x00000000d5580000, 0x00000000d5e00000, 0x0000000100000000)
  eden space 6144K, 0% used [0x00000000d5580000,0x00000000d5580000,0x00000000d5b80000)
  from space 1024K, 53% used [0x00000000d5b80000,0x00000000d5c08020,0x00000000d5c80000)
  to   space 1024K, 0% used [0x00000000d5d00000,0x00000000d5d00000,0x00000000d5e00000)
 ParOldGen       total 679424K, used 679023K [0x0000000080000000, 0x00000000a9780000, 0x00000000d5580000)
  object space 679424K, 99% used [0x0000000080000000,0x00000000a971bf80,0x00000000a9780000)
 Metaspace       used 92684K, committed 94592K, reserved 1179648K
  class space    used 9230K, committed 10048K, reserved 1048576K
}
Event: 4063.545 GC heap before
{Heap before GC invocations=1949 (full 5):
 PSYoungGen      total 7168K, used 6688K [0x00000000d5580000, 0x00000000d5e00000, 0x0000000100000000)
  eden space 6144K, 100% used [0x00000000d5580000,0x00000000d5b80000,0x00000000d5b80000)
  from space 1024K, 53% used [0x00000000d5b80000,0x00000000d5c08020,0x00000000d5c80000)
  to   space 1024K, 0% used [0x00000000d5d00000,0x00000000d5d00000,0x00000000d5e00000)
 ParOldGen       total 679424K, used 679023K [0x0000000080000000, 0x00000000a9780000, 0x00000000d5580000)
  object space 679424K, 99% used [0x0000000080000000,0x00000000a971bf80,0x00000000a9780000)
 Metaspace       used 92684K, committed 94592K, reserved 1179648K
  class space    used 9230K, committed 10048K, reserved 1048576K
}
Event: 4063.547 GC heap after
{Heap after GC invocations=1949 (full 5):
 PSYoungGen      total 7168K, used 640K [0x00000000d5580000, 0x00000000d5e00000, 0x0000000100000000)
  eden space 6144K, 0% used [0x00000000d5580000,0x00000000d5580000,0x00000000d5b80000)
  from space 1024K, 62% used [0x00000000d5d00000,0x00000000d5da0000,0x00000000d5e00000)
  to   space 1024K, 0% used [0x00000000d5b80000,0x00000000d5b80000,0x00000000d5c80000)
 ParOldGen       total 679936K, used 679543K [0x0000000080000000, 0x00000000a9800000, 0x00000000d5580000)
  object space 679936K, 99% used [0x0000000080000000,0x00000000a979dfc0,0x00000000a9800000)
 Metaspace       used 92684K, committed 94592K, reserved 1179648K
  class space    used 9230K, committed 10048K, reserved 1048576K
}
Event: 4063.562 GC heap before
{Heap before GC invocations=1950 (full 5):
 PSYoungGen      total 7168K, used 6784K [0x00000000d5580000, 0x00000000d5e00000, 0x0000000100000000)
  eden space 6144K, 100% used [0x00000000d5580000,0x00000000d5b80000,0x00000000d5b80000)
  from space 1024K, 62% used [0x00000000d5d00000,0x00000000d5da0000,0x00000000d5e00000)
  to   space 1024K, 0% used [0x00000000d5b80000,0x00000000d5b80000,0x00000000d5c80000)
 ParOldGen       total 679936K, used 679543K [0x0000000080000000, 0x00000000a9800000, 0x00000000d5580000)
  object space 679936K, 99% used [0x0000000080000000,0x00000000a979dfc0,0x00000000a9800000)
 Metaspace       used 92686K, committed 94592K, reserved 1179648K
  class space    used 9230K, committed 10048K, reserved 1048576K
}
Event: 4063.565 GC heap after
{Heap after GC invocations=1950 (full 5):
 PSYoungGen      total 7168K, used 1024K [0x00000000d5580000, 0x00000000d6080000, 0x0000000100000000)
  eden space 6144K, 0% used [0x00000000d5580000,0x00000000d5580000,0x00000000d5b80000)
  from space 1024K, 100% used [0x00000000d5b80000,0x00000000d5c80000,0x00000000d5c80000)
  to   space 2560K, 0% used [0x00000000d5e00000,0x00000000d5e00000,0x00000000d6080000)
 ParOldGen       total 680448K, used 680419K [0x0000000080000000, 0x00000000a9880000, 0x00000000d5580000)
  object space 680448K, 99% used [0x0000000080000000,0x00000000a9878f10,0x00000000a9880000)
 Metaspace       used 92686K, committed 94592K, reserved 1179648K
  class space    used 9230K, committed 10048K, reserved 1048576K
}
Event: 4551.239 GC heap before
{Heap before GC invocations=1951 (full 5):
 PSYoungGen      total 7168K, used 7168K [0x00000000d5580000, 0x00000000d6080000, 0x0000000100000000)
  eden space 6144K, 100% used [0x00000000d5580000,0x00000000d5b80000,0x00000000d5b80000)
  from space 1024K, 100% used [0x00000000d5b80000,0x00000000d5c80000,0x00000000d5c80000)
  to   space 2560K, 0% used [0x00000000d5e00000,0x00000000d5e00000,0x00000000d6080000)
 ParOldGen       total 680448K, used 680419K [0x0000000080000000, 0x00000000a9880000, 0x00000000d5580000)
  object space 680448K, 99% used [0x0000000080000000,0x00000000a9878f10,0x00000000a9880000)
 Metaspace       used 92691K, committed 94592K, reserved 1179648K
  class space    used 9230K, committed 10048K, reserved 1048576K
}
Event: 4551.403 GC heap after
{Heap after GC invocations=1951 (full 5):
 PSYoungGen      total 7680K, used 1121K [0x00000000d5580000, 0x00000000d5f80000, 0x0000000100000000)
  eden space 6144K, 0% used [0x00000000d5580000,0x00000000d5580000,0x00000000d5b80000)
  from space 1536K, 72% used [0x00000000d5e00000,0x00000000d5f184e8,0x00000000d5f80000)
  to   space 1536K, 0% used [0x00000000d5c80000,0x00000000d5c80000,0x00000000d5e00000)
 ParOldGen       total 681472K, used 681339K [0x0000000080000000, 0x00000000a9980000, 0x00000000d5580000)
  object space 681472K, 99% used [0x0000000080000000,0x00000000a995ef10,0x00000000a9980000)
 Metaspace       used 92691K, committed 94592K, reserved 1179648K
  class space    used 9230K, committed 10048K, reserved 1048576K
}

