# JRE version: OpenJDK Runtime Environment Temurin-21.0.10+7 (21.0.10+7) (build 21.0.10+7-LTS)
# Java VM: OpenJDK 64-Bit Server VM Temurin-21.0.10+7 (21.0.10+7-LTS, mixed mode, sharing, tiered, compressed oops, compressed class ptrs, parallel gc, windows-amd64)
GC Precious Log:
 CardTable entry size: 512
 CPUs: 16 total, 16 available
 Memory: 7876M
 Large Page Support: Disabled
 NUMA Support: Disabled
 Compressed Oops: Enabled (32-bit)
 Alignments: Space 512K, Generation 512K, Heap 2M
 Heap Min Capacity: 100M
 Heap Initial Capacity: 100M
 Heap Max Capacity: 2G
 Pre-touch: Disabled
 Parallel Workers: 13
Heap:
 PSYoungGen      total 24064K, used 14720K [0x00000000d5580000, 0x00000000d7680000, 0x0000000100000000)
  eden space 22016K, 62% used [0x00000000d5580000,0x00000000d62f21e0,0x00000000d6b00000)
  from space 2048K, 46% used [0x00000000d7280000,0x00000000d736e0b8,0x00000000d7480000)
  to   space 1536K, 0% used [0x00000000d7500000,0x00000000d7500000,0x00000000d7680000)
 ParOldGen       total 68608K, used 58219K [0x0000000080000000, 0x0000000084300000, 0x00000000d5580000)
  object space 68608K, 84% used [0x0000000080000000,0x00000000838dac90,0x0000000084300000)
 Metaspace       used 57177K, committed 58560K, reserved 1114112K
  class space    used 6118K, committed 6720K, reserved 1048576K
GC Heap History (20 events):
Event: 69.349 GC heap before
{Heap before GC invocations=24 (full 2):
 PSYoungGen      total 28672K, used 24128K [0x00000000d5580000, 0x00000000d7c80000, 0x0000000100000000)
  eden space 22016K, 100% used [0x00000000d5580000,0x00000000d6b00000,0x00000000d6b00000)
  from space 6656K, 31% used [0x00000000d7100000,0x00000000d7310010,0x00000000d7780000)
  to   space 3072K, 0% used [0x00000000d7980000,0x00000000d7980000,0x00000000d7c80000)
 ParOldGen       total 68608K, used 42023K [0x0000000080000000, 0x0000000084300000, 0x00000000d5580000)
  object space 68608K, 61% used [0x0000000080000000,0x0000000082909e48,0x0000000084300000)
 Metaspace       used 49441K, committed 50752K, reserved 1114112K
  class space    used 5325K, committed 5888K, reserved 1048576K
}
Event: 69.351 GC heap after
{Heap after GC invocations=24 (full 2):
 PSYoungGen      total 24576K, used 2434K [0x00000000d5580000, 0x00000000d7c00000, 0x0000000100000000)
  eden space 22016K, 0% used [0x00000000d5580000,0x00000000d5580000,0x00000000d6b00000)
  from space 2560K, 95% used [0x00000000d7980000,0x00000000d7be0810,0x00000000d7c00000)
  to   space 2560K, 0% used [0x00000000d7700000,0x00000000d7700000,0x00000000d7980000)
 ParOldGen       total 68608K, used 43895K [0x0000000080000000, 0x0000000084300000, 0x00000000d5580000)
  object space 68608K, 63% used [0x0000000080000000,0x0000000082adde68,0x0000000084300000)
 Metaspace       used 49441K, committed 50752K, reserved 1114112K
  class space    used 5325K, committed 5888K, reserved 1048576K
}
Event: 69.441 GC heap before
{Heap before GC invocations=25 (full 2):
 PSYoungGen      total 24576K, used 24450K [0x00000000d5580000, 0x00000000d7c00000, 0x0000000100000000)
  eden space 22016K, 100% used [0x00000000d5580000,0x00000000d6b00000,0x00000000d6b00000)
  from space 2560K, 95% used [0x00000000d7980000,0x00000000d7be0810,0x00000000d7c00000)
  to   space 2560K, 0% used [0x00000000d7700000,0x00000000d7700000,0x00000000d7980000)
 ParOldGen       total 68608K, used 43895K [0x0000000080000000, 0x0000000084300000, 0x00000000d5580000)
  object space 68608K, 63% used [0x0000000080000000,0x0000000082adde68,0x0000000084300000)
 Metaspace       used 49454K, committed 50752K, reserved 1114112K
  class space    used 5325K, committed 5888K, reserved 1048576K
}
Event: 69.444 GC heap after
{Heap after GC invocations=25 (full 2):
 PSYoungGen      total 24576K, used 2432K [0x00000000d5580000, 0x00000000d7a00000, 0x0000000100000000)
  eden space 22016K, 0% used [0x00000000d5580000,0x00000000d5580000,0x00000000d6b00000)
  from space 2560K, 95% used [0x00000000d7700000,0x00000000d7960010,0x00000000d7980000)
  to   space 512K, 0% used [0x00000000d7980000,0x00000000d7980000,0x00000000d7a00000)
 ParOldGen       total 68608K, used 46069K [0x0000000080000000, 0x0000000084300000, 0x00000000d5580000)
  object space 68608K, 67% used [0x0000000080000000,0x0000000082cfd690,0x0000000084300000)
 Metaspace       used 49454K, committed 50752K, reserved 1114112K
  class space    used 5325K, committed 5888K, reserved 1048576K
}
Event: 69.494 GC heap before
{Heap before GC invocations=26 (full 2):
 PSYoungGen      total 24576K, used 24448K [0x00000000d5580000, 0x00000000d7a00000, 0x0000000100000000)
  eden space 22016K, 100% used [0x00000000d5580000,0x00000000d6b00000,0x00000000d6b00000)
  from space 2560K, 95% used [0x00000000d7700000,0x00000000d7960010,0x00000000d7980000)
  to   space 512K, 0% used [0x00000000d7980000,0x00000000d7980000,0x00000000d7a00000)
 ParOldGen       total 68608K, used 46069K [0x0000000080000000, 0x0000000084300000, 0x00000000d5580000)
  object space 68608K, 67% used [0x0000000080000000,0x0000000082cfd690,0x0000000084300000)
 Metaspace       used 49457K, committed 50752K, reserved 1114112K
  class space    used 5325K, committed 5888K, reserved 1048576K
}
Event: 69.498 GC heap after
{Heap after GC invocations=26 (full 2):
 PSYoungGen      total 22528K, used 512K [0x00000000d5580000, 0x00000000d7a00000, 0x0000000100000000)
  eden space 22016K, 0% used [0x00000000d5580000,0x00000000d5580000,0x00000000d6b00000)
  from space 512K, 100% used [0x00000000d7980000,0x00000000d7a00000,0x00000000d7a00000)
  to   space 4608K, 0% used [0x00000000d7100000,0x00000000d7100000,0x00000000d7580000)
 ParOldGen       total 68608K, used 49649K [0x0000000080000000, 0x0000000084300000, 0x00000000d5580000)
  object space 68608K, 72% used [0x0000000080000000,0x000000008307c6a0,0x0000000084300000)
 Metaspace       used 49457K, committed 50752K, reserved 1114112K
  class space    used 5325K, committed 5888K, reserved 1048576K
}
Event: 69.550 GC heap before
{Heap before GC invocations=27 (full 2):
 PSYoungGen      total 22528K, used 22528K [0x00000000d5580000, 0x00000000d7a00000, 0x0000000100000000)
  eden space 22016K, 100% used [0x00000000d5580000,0x00000000d6b00000,0x00000000d6b00000)
  from space 512K, 100% used [0x00000000d7980000,0x00000000d7a00000,0x00000000d7a00000)
  to   space 4608K, 0% used [0x00000000d7100000,0x00000000d7100000,0x00000000d7580000)
 ParOldGen       total 68608K, used 49649K [0x0000000080000000, 0x0000000084300000, 0x00000000d5580000)
  object space 68608K, 72% used [0x0000000080000000,0x000000008307c6a0,0x0000000084300000)
 Metaspace       used 49490K, committed 50752K, reserved 1114112K
  class space    used 5328K, committed 5888K, reserved 1048576K
}
Event: 69.553 GC heap after
{Heap after GC invocations=27 (full 2):
 PSYoungGen      total 26624K, used 2208K [0x00000000d5580000, 0x00000000d7a00000, 0x0000000100000000)
  eden space 22016K, 0% used [0x00000000d5580000,0x00000000d5580000,0x00000000d6b00000)
  from space 4608K, 47% used [0x00000000d7100000,0x00000000d7328010,0x00000000d7580000)
  to   space 3072K, 0% used [0x00000000d7700000,0x00000000d7700000,0x00000000d7a00000)
 ParOldGen       total 68608K, used 50195K [0x0000000080000000, 0x0000000084300000, 0x00000000d5580000)
  object space 68608K, 73% used [0x0000000080000000,0x0000000083104eb8,0x0000000084300000)
 Metaspace       used 49490K, committed 50752K, reserved 1114112K
  class space    used 5328K, committed 5888K, reserved 1048576K
}
Event: 69.693 GC heap before
{Heap before GC invocations=28 (full 2):
 PSYoungGen      total 26624K, used 24224K [0x00000000d5580000, 0x00000000d7a00000, 0x0000000100000000)
  eden space 22016K, 100% used [0x00000000d5580000,0x00000000d6b00000,0x00000000d6b00000)
  from space 4608K, 47% used [0x00000000d7100000,0x00000000d7328010,0x00000000d7580000)
  to   space 3072K, 0% used [0x00000000d7700000,0x00000000d7700000,0x00000000d7a00000)
 ParOldGen       total 68608K, used 50195K [0x0000000080000000, 0x0000000084300000, 0x00000000d5580000)
  object space 68608K, 73% used [0x0000000080000000,0x0000000083104eb8,0x0000000084300000)
 Metaspace       used 49569K, committed 50816K, reserved 1114112K
  class space    used 5329K, committed 5888K, reserved 1048576K
}
Event: 69.697 GC heap after
{Heap after GC invocations=28 (full 2):
 PSYoungGen      total 24576K, used 2072K [0x00000000d5580000, 0x00000000d7980000, 0x0000000100000000)
  eden space 22016K, 0% used [0x00000000d5580000,0x00000000d5580000,0x00000000d6b00000)
  from space 2560K, 80% used [0x00000000d7700000,0x00000000d7906200,0x00000000d7980000)
  to   space 2560K, 0% used [0x00000000d7480000,0x00000000d7480000,0x00000000d7700000)
 ParOldGen       total 68608K, used 52339K [0x0000000080000000, 0x0000000084300000, 0x00000000d5580000)
  object space 68608K, 76% used [0x0000000080000000,0x000000008331cec8,0x0000000084300000)
 Metaspace       used 49569K, committed 50816K, reserved 1114112K
  class space    used 5329K, committed 5888K, reserved 1048576K
}
Event: 70.225 GC heap before
{Heap before GC invocations=29 (full 2):
 PSYoungGen      total 24576K, used 24079K [0x00000000d5580000, 0x00000000d7980000, 0x0000000100000000)
  eden space 22016K, 99% used [0x00000000d5580000,0x00000000d6afdd70,0x00000000d6b00000)
  from space 2560K, 80% used [0x00000000d7700000,0x00000000d7906200,0x00000000d7980000)
  to   space 2560K, 0% used [0x00000000d7480000,0x00000000d7480000,0x00000000d7700000)
 ParOldGen       total 68608K, used 52339K [0x0000000080000000, 0x0000000084300000, 0x00000000d5580000)
  object space 68608K, 76% used [0x0000000080000000,0x000000008331cec8,0x0000000084300000)
 Metaspace       used 50818K, committed 52160K, reserved 1114112K
  class space    used 5481K, committed 6080K, reserved 1048576K
}
Event: 70.227 GC heap after
{Heap after GC invocations=29 (full 2):
 PSYoungGen      total 23552K, used 1460K [0x00000000d5580000, 0x00000000d7780000, 0x0000000100000000)
  eden space 22016K, 0% used [0x00000000d5580000,0x00000000d5580000,0x00000000d6b00000)
  from space 1536K, 95% used [0x00000000d7480000,0x00000000d75ed328,0x00000000d7600000)
  to   space 1536K, 0% used [0x00000000d7600000,0x00000000d7600000,0x00000000d7780000)
 ParOldGen       total 68608K, used 54212K [0x0000000080000000, 0x0000000084300000, 0x00000000d5580000)
  object space 68608K, 79% used [0x0000000080000000,0x00000000834f10c8,0x0000000084300000)
 Metaspace       used 50818K, committed 52160K, reserved 1114112K
  class space    used 5481K, committed 6080K, reserved 1048576K
}
Event: 71.111 GC heap before
{Heap before GC invocations=30 (full 2):
 PSYoungGen      total 23552K, used 23433K [0x00000000d5580000, 0x00000000d7780000, 0x0000000100000000)
  eden space 22016K, 99% used [0x00000000d5580000,0x00000000d6af5148,0x00000000d6b00000)
  from space 1536K, 95% used [0x00000000d7480000,0x00000000d75ed328,0x00000000d7600000)
  to   space 1536K, 0% used [0x00000000d7600000,0x00000000d7600000,0x00000000d7780000)
 ParOldGen       total 68608K, used 54212K [0x0000000080000000, 0x0000000084300000, 0x00000000d5580000)
  object space 68608K, 79% used [0x0000000080000000,0x00000000834f10c8,0x0000000084300000)
 Metaspace       used 52612K, committed 53824K, reserved 1114112K
  class space    used 5669K, committed 6208K, reserved 1048576K
}
Event: 71.115 GC heap after
{Heap after GC invocations=30 (full 2):
 PSYoungGen      total 23040K, used 576K [0x00000000d5580000, 0x00000000d7700000, 0x0000000100000000)
  eden space 22016K, 0% used [0x00000000d5580000,0x00000000d5580000,0x00000000d6b00000)
  from space 1024K, 56% used [0x00000000d7600000,0x00000000d7690000,0x00000000d7700000)
  to   space 1024K, 0% used [0x00000000d7500000,0x00000000d7500000,0x00000000d7600000)
 ParOldGen       total 68608K, used 55487K [0x0000000080000000, 0x0000000084300000, 0x00000000d5580000)
  object space 68608K, 80% used [0x0000000080000000,0x000000008362fdb8,0x0000000084300000)
 Metaspace       used 52612K, committed 53824K, reserved 1114112K
  class space    used 5669K, committed 6208K, reserved 1048576K
}
Event: 71.586 GC heap before
{Heap before GC invocations=31 (full 2):
 PSYoungGen      total 23040K, used 22417K [0x00000000d5580000, 0x00000000d7700000, 0x0000000100000000)
  eden space 22016K, 99% used [0x00000000d5580000,0x00000000d6ad4518,0x00000000d6b00000)
  from space 1024K, 56% used [0x00000000d7600000,0x00000000d7690000,0x00000000d7700000)
  to   space 1024K, 0% used [0x00000000d7500000,0x00000000d7500000,0x00000000d7600000)
 ParOldGen       total 68608K, used 55487K [0x0000000080000000, 0x0000000084300000, 0x00000000d5580000)
  object space 68608K, 80% used [0x0000000080000000,0x000000008362fdb8,0x0000000084300000)
 Metaspace       used 53752K, committed 55040K, reserved 1114112K
  class space    used 5762K, committed 6336K, reserved 1048576K
}
Event: 71.588 GC heap after
{Heap after GC invocations=31 (full 2):
 PSYoungGen      total 23040K, used 1016K [0x00000000d5580000, 0x00000000d7680000, 0x0000000100000000)
  eden space 22016K, 0% used [0x00000000d5580000,0x00000000d5580000,0x00000000d6b00000)
  from space 1024K, 99% used [0x00000000d7500000,0x00000000d75fe218,0x00000000d7600000)
  to   space 512K, 0% used [0x00000000d7600000,0x00000000d7600000,0x00000000d7680000)
 ParOldGen       total 68608K, used 56729K [0x0000000080000000, 0x0000000084300000, 0x00000000d5580000)
  object space 68608K, 82% used [0x0000000080000000,0x0000000083766498,0x0000000084300000)
 Metaspace       used 53752K, committed 55040K, reserved 1114112K
  class space    used 5762K, committed 6336K, reserved 1048576K
}
Event: 71.698 GC heap before
{Heap before GC invocations=32 (full 2):
 PSYoungGen      total 23040K, used 23032K [0x00000000d5580000, 0x00000000d7680000, 0x0000000100000000)
  eden space 22016K, 100% used [0x00000000d5580000,0x00000000d6b00000,0x00000000d6b00000)
  from space 1024K, 99% used [0x00000000d7500000,0x00000000d75fe218,0x00000000d7600000)
  to   space 512K, 0% used [0x00000000d7600000,0x00000000d7600000,0x00000000d7680000)
 ParOldGen       total 68608K, used 56729K [0x0000000080000000, 0x0000000084300000, 0x00000000d5580000)
  object space 68608K, 82% used [0x0000000080000000,0x0000000083766498,0x0000000084300000)
 Metaspace       used 53764K, committed 55104K, reserved 1114112K
  class space    used 5762K, committed 6336K, reserved 1048576K
}
Event: 71.727 GC heap after
{Heap after GC invocations=32 (full 2):
 PSYoungGen      total 22528K, used 480K [0x00000000d5580000, 0x00000000d7680000, 0x0000000100000000)
  eden space 22016K, 0% used [0x00000000d5580000,0x00000000d5580000,0x00000000d6b00000)
  from space 512K, 93% used [0x00000000d7600000,0x00000000d76783c0,0x00000000d7680000)
  to   space 2048K, 0% used [0x00000000d7280000,0x00000000d7280000,0x00000000d7480000)
 ParOldGen       total 68608K, used 58091K [0x0000000080000000, 0x0000000084300000, 0x00000000d5580000)
  object space 68608K, 84% used [0x0000000080000000,0x00000000838bac90,0x0000000084300000)
 Metaspace       used 53764K, committed 55104K, reserved 1114112K
  class space    used 5762K, committed 6336K, reserved 1048576K
}
Event: 72.500 GC heap before
{Heap before GC invocations=33 (full 2):
 PSYoungGen      total 22528K, used 22496K [0x00000000d5580000, 0x00000000d7680000, 0x0000000100000000)
  eden space 22016K, 100% used [0x00000000d5580000,0x00000000d6b00000,0x00000000d6b00000)
  from space 512K, 93% used [0x00000000d7600000,0x00000000d76783c0,0x00000000d7680000)
  to   space 2048K, 0% used [0x00000000d7280000,0x00000000d7280000,0x00000000d7480000)
 ParOldGen       total 68608K, used 58091K [0x0000000080000000, 0x0000000084300000, 0x00000000d5580000)
  object space 68608K, 84% used [0x0000000080000000,0x00000000838bac90,0x0000000084300000)
 Metaspace       used 56105K, committed 57408K, reserved 1114112K
  class space    used 6004K, committed 6592K, reserved 1048576K
}
Event: 72.502 GC heap after
{Heap after GC invocations=33 (full 2):
 PSYoungGen      total 24064K, used 952K [0x00000000d5580000, 0x00000000d7680000, 0x0000000100000000)
  eden space 22016K, 0% used [0x00000000d5580000,0x00000000d5580000,0x00000000d6b00000)
  from space 2048K, 46% used [0x00000000d7280000,0x00000000d736e0b8,0x00000000d7480000)
  to   space 1536K, 0% used [0x00000000d7500000,0x00000000d7500000,0x00000000d7680000)
 ParOldGen       total 68608K, used 58219K [0x0000000080000000, 0x0000000084300000, 0x00000000d5580000)
  object space 68608K, 84% used [0x0000000080000000,0x00000000838dac90,0x0000000084300000)
 Metaspace       used 56105K, committed 57408K, reserved 1114112K
  class space    used 6004K, committed 6592K, reserved 1048576K
}

